<?xml version="1.0" encoding="UTF-8"?>
<!-- Generated by org.testng.reporters.JUnitReportReporter -->
<testsuite hostname="CHNMCT335593L" failures="0" tests="1" name="ThisProject.version1.BrokenLinks" time="27.720" errors="0" timestamp="04 Aug 2020 13:46:42 GMT" skipped="0">
  <testcase classname="ThisProject.version1.BrokenLinks" name="BrokenLinkTest" time="27.720"/>
</testsuite> <!-- ThisProject.version1.BrokenLinks -->
