<?xml version="1.0" encoding="UTF-8"?>
<!-- Generated by org.testng.reporters.JUnitReportReporter -->
<testsuite hostname="CHNMCT335593L" failures="0" tests="1" name="ThisProject.version1.WebTables" time="3.161" errors="0" timestamp="08 Aug 2020 11:46:16 GMT" skipped="0">
  <testcase classname="ThisProject.version1.WebTables" name="WebTableshandlingHeader" time="3.161"/>
</testsuite> <!-- ThisProject.version1.WebTables -->
