<?xml version="1.0" encoding="UTF-8"?>
<!-- Generated by org.testng.reporters.JUnitReportReporter -->
<testsuite hostname="CHNMCT335593L" failures="0" tests="2" name="ThisProject.version1.JavaScriptExecutorPractice" time="2.017" errors="0" timestamp="11 Aug 2020 06:59:14 GMT" skipped="0">
  <testcase classname="ThisProject.version1.JavaScriptExecutorPractice" name="login" time="1.241"/>
  <testcase classname="ThisProject.version1.JavaScriptExecutorPractice" name="JSPromptsHandling" time="0.776"/>
</testsuite> <!-- ThisProject.version1.JavaScriptExecutorPractice -->
