<?xml version="1.0" encoding="UTF-8"?>
<!-- Generated by org.testng.reporters.JUnitReportReporter -->
<testsuite hostname="CHNMCT335593L" failures="0" tests="1" name="ThisProject.version1.CalanderAutomation" time="20.020" errors="0" timestamp="08 Aug 2020 09:57:54 GMT" skipped="0">
  <testcase classname="ThisProject.version1.CalanderAutomation" name="CalanderAutomate_Test" time="20.020"/>
</testsuite> <!-- ThisProject.version1.CalanderAutomation -->
