<?xml version="1.0" encoding="UTF-8"?>
<!-- Generated by org.testng.reporters.JUnitReportReporter -->
<testsuite hostname="CHNMCT335593L" failures="0" tests="1" name="Practice.Tooltip" time="1.078" errors="0" timestamp="03 Aug 2020 09:14:54 GMT" skipped="0">
  <testcase classname="Practice.Tooltip" name="testToolTip" time="1.078"/>
</testsuite> <!-- Practice.Tooltip -->
