<?xml version="1.0" encoding="UTF-8"?>
<!-- Generated by org.testng.reporters.JUnitReportReporter -->
<testsuite hostname="CHNMCT335593L" failures="0" tests="1" name="ThisProject.version1.JSCalanderAutomation" time="0.242" errors="0" timestamp="08 Aug 2020 08:38:56 GMT" skipped="0">
  <testcase classname="ThisProject.version1.JSCalanderAutomation" name="JSCalanderAutomateTest" time="0.242"/>
</testsuite> <!-- ThisProject.version1.JSCalanderAutomation -->
